<?xml version="1.0" encoding="UTF-8"?>
<!-- Generated by org.testng.reporters.JUnitReportReporter -->
<testsuite hostname="DESKTOP-02B7742" failures="0" tests="1" name="runner.T001_RegisterUser" time="8.965" errors="0" timestamp="2025-06-03T16:02:53 IST" skipped="0">
  <testcase classname="runner.T001_RegisterUser" name="register" time="8.965"/>
</testsuite> <!-- runner.T001_RegisterUser -->
