<?xml version="1.0" encoding="UTF-8"?>
<!-- Generated by org.testng.reporters.JUnitReportReporter -->
<testsuite hostname="DESKTOP-02B7742" failures="0" tests="1" name="runner.T001_RegisterUser" time="4.010" errors="0" timestamp="2025-06-03T14:47:24 IST" skipped="0">
  <testcase classname="runner.T001_RegisterUser" name="register" time="4.010"/>
</testsuite> <!-- runner.T001_RegisterUser -->
