<?xml version="1.0" encoding="UTF-8"?>
<!-- Generated by org.testng.reporters.JUnitReportReporter -->
<testsuite hostname="DESKTOP-02B7742" failures="0" tests="1" name="runner.T001_RegisterUser_Cu" time="12.332" errors="0" timestamp="2025-06-04T17:10:12 IST" skipped="0">
  <testcase classname="runner.T001_RegisterUser_Cu" name="runScenario" time="12.332"/>
</testsuite> <!-- runner.T001_RegisterUser_Cu -->
